<?xml version="1.0" encoding="UTF-8"?>
<!-- Generated by org.testng.reporters.JUnitXMLReporter -->
<testsuite hostname="Steven" ignored="0" name="Bug test" tests="1" failures="1" timestamp="20 Jan 2018 08:25:09 GMT" time="29.003" errors="0">
  <testcase name="BUG001" time="4.717" classname="test.BugTest">
    <failure type="java.lang.AssertionError" message="There should be no alert displayed expected [false] but found [true]">
      <![CDATA[java.lang.AssertionError: There should be no alert displayed expected [false] but found [true]at test.BugTest.BUG001(BugTest.java:12)... Removed 28 stack frames]]>
    </failure>
  </testcase> <!-- BUG001 -->
</testsuite> <!-- Bug test -->
